
INFO [2024-02-11T18:19:00.690Z]: Preparing to initialize extension
INFO [2024-02-11T18:19:01.695Z]: Registering flag observer
INFO [2024-02-11T18:19:01.696Z]: Navigating to loading page
INFO [2024-02-11T18:19:01.697Z]: Navigation
INFO [2024-02-11T18:19:01.697Z]: {"page":"/loading"}
INFO [2024-02-11T18:19:01.698Z]: Initializing workspace controller
INFO [2024-02-11T18:19:01.707Z]: Creating URI handler
INFO [2024-02-11T18:19:01.707Z]: Getting auth service props
INFO [2024-02-11T18:19:01.712Z]: Creating auth service
INFO [2024-02-11T18:19:01.712Z]: Setting network auth service
INFO [2024-02-11T18:19:01.713Z]: Creating context store
INFO [2024-02-11T18:19:01.713Z]: Creating engine
INFO [2024-02-11T18:19:01.713Z]: Creating sql db
INFO [2024-02-11T18:19:01.878Z]: Creating vector db
INFO [2024-02-11T18:19:01.878Z]: Creating config manager
INFO [2024-02-11T18:19:01.880Z]: Get languages
INFO [2024-02-11T18:19:01.880Z]: Reading ALL files
INFO [2024-02-11T18:19:01.883Z]: Get Overview
INFO [2024-02-11T18:19:01.883Z]: Creating code parser
INFO [2024-02-11T18:19:01.883Z]: Creating code index
INFO [2024-02-11T18:19:01.884Z]: Creating graphs
INFO [2024-02-11T18:19:01.884Z]: Creating tagger
INFO [2024-02-11T18:19:01.884Z]: Creating semantic
INFO [2024-02-11T18:19:01.884Z]: Creating keyword
INFO [2024-02-11T18:19:01.884Z]: Creating file search
INFO [2024-02-11T18:19:01.885Z]: Initializing engine
INFO [2024-02-11T18:19:02.000Z]: [CodeTagger.init] Initializing
INFO [2024-02-11T18:19:02.002Z]: Initializing history service
INFO [2024-02-11T18:19:02.003Z]: Creating project bot props
INFO [2024-02-11T18:19:02.003Z]: Creating plan service
INFO [2024-02-11T18:19:02.003Z]: Creating terms service
INFO [2024-02-11T18:19:02.003Z]: Creating auth controller
INFO [2024-02-11T18:19:02.004Z]: Initializing auth controller
INFO [2024-02-11T18:19:02.009Z]: Checking auth
INFO [2024-02-11T18:19:07.425Z]: Set User: 0k7B7nztlsPNWqseCFrcD8PibXM2
INFO [2024-02-11T18:19:07.474Z]: Creating plan controller
INFO [2024-02-11T18:19:07.475Z]: Initializing plan controller
INFO [2024-02-11T18:19:18.611Z]: Creating status controller
INFO [2024-02-11T18:19:18.613Z]: Creating chat bot
INFO [2024-02-11T18:19:18.621Z]: Creating git service
INFO [2024-02-11T18:19:18.622Z]: Creating user context
INFO [2024-02-11T18:19:18.622Z]: Creating search controller
INFO [2024-02-11T18:19:18.624Z]: Initializing search controller
INFO [2024-02-11T18:19:18.636Z]: Creating index controller
INFO [2024-02-11T18:19:18.636Z]: Initializing index controller
INFO [2024-02-11T18:19:18.636Z]: Creating migrate controller
INFO [2024-02-11T18:19:18.637Z]: Initializing migrate controller
INFO [2024-02-11T18:19:18.637Z]: Creating settings controller
INFO [2024-02-11T18:19:18.638Z]: Initializing settings controller
INFO [2024-02-11T18:19:18.639Z]: Creating navigation controller
INFO [2024-02-11T18:19:18.639Z]: Initializing navigation controller
INFO [2024-02-11T18:19:18.640Z]: Registering auth service with auth controller
INFO [2024-02-11T18:19:18.640Z]: Calculating navigation
INFO [2024-02-11T18:19:18.683Z]: Navigation
INFO [2024-02-11T18:19:18.684Z]: {"page":"/initialize/project"}
INFO [2024-02-11T18:19:18.684Z]: Fully initialized!
INFO [2024-02-11T18:19:18.688Z]: extension_initialized
INFO [2024-02-11T18:19:18.688Z]: {"timeToInit":17996}
INFO [2024-02-11T18:19:18.786Z]: Reading ALL files