
INFO [2024-01-10T07:27:28.167Z]: Preparing to initialize extension
INFO [2024-01-10T07:27:29.171Z]: Registering flag observer
INFO [2024-01-10T07:27:29.171Z]: Navigating to loading page
INFO [2024-01-10T07:27:29.172Z]: Navigation
INFO [2024-01-10T07:27:29.172Z]: {"page":"/loading"}
INFO [2024-01-10T07:27:29.172Z]: Initializing workspace controller
INFO [2024-01-10T07:27:29.178Z]: Creating URI handler
INFO [2024-01-10T07:27:29.178Z]: Getting auth service props
INFO [2024-01-10T07:27:29.186Z]: Creating auth service
INFO [2024-01-10T07:27:29.186Z]: Setting network auth service
INFO [2024-01-10T07:27:29.187Z]: Creating context store
INFO [2024-01-10T07:27:29.187Z]: Creating engine
INFO [2024-01-10T07:27:29.187Z]: Creating sql db
INFO [2024-01-10T07:27:29.447Z]: Creating vector db
INFO [2024-01-10T07:27:29.451Z]: Creating config manager
INFO [2024-01-10T07:27:29.456Z]: Get languages
INFO [2024-01-10T07:27:29.457Z]: Reading ALL files
INFO [2024-01-10T07:27:29.474Z]: Get Overview
INFO [2024-01-10T07:27:29.478Z]: Creating code parser
INFO [2024-01-10T07:27:29.478Z]: Creating code index
INFO [2024-01-10T07:27:29.480Z]: Creating graphs
INFO [2024-01-10T07:27:29.481Z]: Creating tagger
INFO [2024-01-10T07:27:29.481Z]: Creating semantic
INFO [2024-01-10T07:27:29.481Z]: Creating keyword
INFO [2024-01-10T07:27:29.482Z]: Creating file search
INFO [2024-01-10T07:27:29.483Z]: Initializing engine
INFO [2024-01-10T07:27:29.857Z]: [CodeTagger.init] Initializing
INFO [2024-01-10T07:27:29.862Z]: Initializing history service
INFO [2024-01-10T07:27:29.862Z]: Creating project bot props
INFO [2024-01-10T07:27:29.862Z]: Creating plan service
INFO [2024-01-10T07:27:29.862Z]: Creating terms service
INFO [2024-01-10T07:27:29.862Z]: Creating auth controller
INFO [2024-01-10T07:27:29.865Z]: Initializing auth controller
INFO [2024-01-10T07:27:29.868Z]: Checking auth
INFO [2024-01-10T07:27:37.217Z]: Set User: 0k7B7nztlsPNWqseCFrcD8PibXM2
INFO [2024-01-10T07:27:37.283Z]: Creating plan controller
INFO [2024-01-10T07:27:37.283Z]: Initializing plan controller
INFO [2024-01-10T07:27:38.613Z]: Creating status controller
INFO [2024-01-10T07:27:38.614Z]: Creating chat bot
INFO [2024-01-10T07:27:38.620Z]: Creating git service
INFO [2024-01-10T07:27:38.620Z]: Creating user context
INFO [2024-01-10T07:27:38.621Z]: Creating search controller
INFO [2024-01-10T07:27:38.623Z]: Initializing search controller
INFO [2024-01-10T07:27:38.634Z]: Creating index controller
INFO [2024-01-10T07:27:38.635Z]: Initializing index controller
INFO [2024-01-10T07:27:38.635Z]: Creating migrate controller
INFO [2024-01-10T07:27:38.635Z]: Initializing migrate controller
INFO [2024-01-10T07:27:38.636Z]: Creating settings controller
INFO [2024-01-10T07:27:38.637Z]: Initializing settings controller
INFO [2024-01-10T07:27:38.640Z]: Creating navigation controller
INFO [2024-01-10T07:27:38.641Z]: Initializing navigation controller
INFO [2024-01-10T07:27:38.641Z]: Registering auth service with auth controller
INFO [2024-01-10T07:27:38.641Z]: Calculating navigation
INFO [2024-01-10T07:27:38.720Z]: Navigation
INFO [2024-01-10T07:27:38.720Z]: {"page":"/initialize/project"}
INFO [2024-01-10T07:27:38.720Z]: Fully initialized!
INFO [2024-01-10T07:27:38.725Z]: extension_initialized
INFO [2024-01-10T07:27:38.725Z]: {"timeToInit":10560}
INFO [2024-01-10T07:27:38.781Z]: Reading ALL files