
INFO [2024-02-29T11:10:45.356Z]: Preparing to initialize extension
INFO [2024-02-29T11:10:46.374Z]: Registering flag observer
INFO [2024-02-29T11:10:46.376Z]: Navigating to loading page
INFO [2024-02-29T11:10:46.376Z]: Navigation
INFO [2024-02-29T11:10:46.376Z]: {"page":"/loading"}
INFO [2024-02-29T11:10:46.377Z]: Initializing workspace controller
INFO [2024-02-29T11:10:46.886Z]: Creating URI handler
INFO [2024-02-29T11:10:46.888Z]: Getting auth service props
INFO [2024-02-29T11:10:46.941Z]: Creating auth service
INFO [2024-02-29T11:10:46.941Z]: Setting network auth service
INFO [2024-02-29T11:10:46.942Z]: Creating context store
INFO [2024-02-29T11:10:46.942Z]: Creating engine
INFO [2024-02-29T11:10:46.942Z]: Creating sql db
INFO [2024-02-29T11:10:48.046Z]: Creating vector db
INFO [2024-02-29T11:10:48.048Z]: Creating config manager
INFO [2024-02-29T11:10:48.054Z]: Get languages
INFO [2024-02-29T11:10:48.055Z]: Reading ALL files
INFO [2024-02-29T11:10:48.059Z]: Get Overview
INFO [2024-02-29T11:10:48.059Z]: Creating code parser
INFO [2024-02-29T11:10:48.059Z]: Creating code index
INFO [2024-02-29T11:10:48.062Z]: Creating graphs
INFO [2024-02-29T11:10:48.062Z]: Creating tagger
INFO [2024-02-29T11:10:48.062Z]: Creating semantic
INFO [2024-02-29T11:10:48.063Z]: Creating keyword
INFO [2024-02-29T11:10:48.063Z]: Creating file search
INFO [2024-02-29T11:10:48.076Z]: Initializing engine
INFO [2024-02-29T11:10:49.007Z]: [CodeTagger.init] Initializing
INFO [2024-02-29T11:10:49.104Z]: Initializing history service
INFO [2024-02-29T11:10:49.113Z]: Creating project bot props
INFO [2024-02-29T11:10:49.113Z]: Creating plan service
INFO [2024-02-29T11:10:49.113Z]: Creating terms service
INFO [2024-02-29T11:10:49.114Z]: Creating auth controller
INFO [2024-02-29T11:10:49.114Z]: Initializing auth controller
INFO [2024-02-29T11:10:49.130Z]: Checking auth
INFO [2024-02-29T11:10:57.542Z]: Set User: 0k7B7nztlsPNWqseCFrcD8PibXM2
INFO [2024-02-29T11:10:57.593Z]: Creating plan controller
INFO [2024-02-29T11:10:57.593Z]: Initializing plan controller
ERROR [2024-02-29T11:11:05.581Z]: Failed to initialize plugin in 15 seconds
ERROR [2024-02-29T11:11:05.583Z]: {"numberOfFiles":30}
INFO [2024-02-29T11:11:08.503Z]: Creating status controller
INFO [2024-02-29T11:11:08.503Z]: Creating chat bot
INFO [2024-02-29T11:11:08.505Z]: Creating git service
INFO [2024-02-29T11:11:08.505Z]: Creating user context
INFO [2024-02-29T11:11:08.506Z]: Creating search controller
INFO [2024-02-29T11:11:08.506Z]: Initializing search controller
INFO [2024-02-29T11:11:08.508Z]: Creating index controller
INFO [2024-02-29T11:11:08.509Z]: Initializing index controller
INFO [2024-02-29T11:11:08.509Z]: Creating migrate controller
INFO [2024-02-29T11:11:08.509Z]: Initializing migrate controller
INFO [2024-02-29T11:11:08.509Z]: Creating settings controller
INFO [2024-02-29T11:11:08.509Z]: Initializing settings controller
INFO [2024-02-29T11:11:08.510Z]: Creating navigation controller
INFO [2024-02-29T11:11:08.510Z]: Initializing navigation controller
INFO [2024-02-29T11:11:08.510Z]: Registering auth service with auth controller
INFO [2024-02-29T11:11:08.510Z]: Calculating navigation
INFO [2024-02-29T11:11:08.574Z]: Navigation
INFO [2024-02-29T11:11:08.574Z]: {"page":"/initialize/project"}
INFO [2024-02-29T11:11:08.575Z]: Fully initialized!
INFO [2024-02-29T11:11:08.577Z]: extension_initialized
INFO [2024-02-29T11:11:08.577Z]: {"timeToInit":23223}
INFO [2024-02-29T11:11:08.688Z]: Reading ALL files